<?xml version="1.0" encoding="UTF-8"?>
<TestRun id="32e2f20a-43e9-4f69-993e-26bbaae398f8" name="vmantuaneli@DCCNOTE23 2015-03-27 00:12:32" runUser="DCC\vmantuaneli" xmlns="http://microsoft.com/schemas/VisualStudio/TeamTest/2010">
  <TestSettings name="Default Test Settings" id="a088872d-c5f8-4946-9aeb-64072d422a96">
    <Execution>
      <TestTypeSpecific />
      <AgentRule name="Execution Agents">
      </AgentRule>
    </Execution>
    <Deployment runDeploymentRoot="vmantuaneli_DCCNOTE23 2015-03-27 00_12_32" />
    <Properties />
  </TestSettings>
  <Times creation="2015-03-27T00:12:32.2221208-03:00" queuing="2015-03-27T00:12:32.5404511-03:00" start="2015-03-27T00:12:32.6091084-03:00" finish="2015-03-27T00:12:32.9173688-03:00" />
  <ResultSummary outcome="Failed">
    <Counters total="7" executed="7" passed="6" error="0" failed="1" timeout="0" aborted="0" inconclusive="0" passedButRunAborted="0" notRunnable="0" notExecuted="0" disconnected="0" warning="0" completed="0" inProgress="0" pending="0" />
  </ResultSummary>
  <TestDefinitions>
    <UnitTest name="AtLeastOneSeletion" storage="tests.dll" id="34c7d0af-ac24-f51d-d6d4-1591f7fd00bc">
      <Execution id="d62a7791-ce69-4dd8-9e0f-7b310d13e303" />
      <TestMethod codeBase="C:/Users/vmantuaneli/Documents/Visual Studio 2013/Projects/Workflow/Practicum Test/Tests/bin/Debug/Tests.dll" adapterTypeName="Microsoft.VisualStudio.TestTools.TestTypes.Unit.UnitTestAdapter, Microsoft.VisualStudio.QualityTools.Tips.UnitTest.Adapter, Version=12.0.0.0, Culture=neutral, PublicKeyToken=b03f5f7f11d50a3a" className="Tests.AppTests, Tests, Version=1.0.0.0, Culture=neutral, PublicKeyToken=null" name="AtLeastOneSeletion" />
    </UnitTest>
    <UnitTest name="FollowingOrder" storage="tests.dll" id="af7b0ccf-f13e-d830-4c5a-407a11bd5419">
      <Execution id="2afab762-aa53-45d1-8dd8-245353c32bfc" />
      <TestMethod codeBase="C:/Users/vmantuaneli/Documents/Visual Studio 2013/Projects/Workflow/Practicum Test/Tests/bin/Debug/Tests.dll" adapterTypeName="Microsoft.VisualStudio.TestTools.TestTypes.Unit.UnitTestAdapter, Microsoft.VisualStudio.QualityTools.Tips.UnitTest.Adapter, Version=12.0.0.0, Culture=neutral, PublicKeyToken=b03f5f7f11d50a3a" className="Tests.AppTests, Tests, Version=1.0.0.0, Culture=neutral, PublicKeyToken=null" name="FollowingOrder" />
    </UnitTest>
    <UnitTest name="MultipleCoffeeAtMorning" storage="tests.dll" id="0121f75e-5156-a4af-0c42-0518d1a786c0">
      <Execution id="27446039-730e-4a4c-820c-63f5daebf658" />
      <TestMethod codeBase="C:/Users/vmantuaneli/Documents/Visual Studio 2013/Projects/Workflow/Practicum Test/Tests/bin/Debug/Tests.dll" adapterTypeName="Microsoft.VisualStudio.TestTools.TestTypes.Unit.UnitTestAdapter, Microsoft.VisualStudio.QualityTools.Tips.UnitTest.Adapter, Version=12.0.0.0, Culture=neutral, PublicKeyToken=b03f5f7f11d50a3a" className="Tests.AppTests, Tests, Version=1.0.0.0, Culture=neutral, PublicKeyToken=null" name="MultipleCoffeeAtMorning" />
    </UnitTest>
    <UnitTest name="MultiplePotatoesAtNight" storage="tests.dll" id="b8337038-3606-bd51-0f73-3926c4f073f2">
      <Execution id="90c5c01c-20ec-4fab-b8b4-bb2cef1bad4f" />
      <TestMethod codeBase="C:/Users/vmantuaneli/Documents/Visual Studio 2013/Projects/Workflow/Practicum Test/Tests/bin/Debug/Tests.dll" adapterTypeName="Microsoft.VisualStudio.TestTools.TestTypes.Unit.UnitTestAdapter, Microsoft.VisualStudio.QualityTools.Tips.UnitTest.Adapter, Version=12.0.0.0, Culture=neutral, PublicKeyToken=b03f5f7f11d50a3a" className="Tests.AppTests, Tests, Version=1.0.0.0, Culture=neutral, PublicKeyToken=null" name="MultiplePotatoesAtNight" />
    </UnitTest>
    <UnitTest name="NoDessertAtMorning" storage="tests.dll" id="2127fd18-6074-dc90-12c5-b7f50e11be2c">
      <Execution id="fed6ac74-9543-4314-bb8c-c27de90f97bb" />
      <TestMethod codeBase="C:/Users/vmantuaneli/Documents/Visual Studio 2013/Projects/Workflow/Practicum Test/Tests/bin/Debug/Tests.dll" adapterTypeName="Microsoft.VisualStudio.TestTools.TestTypes.Unit.UnitTestAdapter, Microsoft.VisualStudio.QualityTools.Tips.UnitTest.Adapter, Version=12.0.0.0, Culture=neutral, PublicKeyToken=b03f5f7f11d50a3a" className="Tests.AppTests, Tests, Version=1.0.0.0, Culture=neutral, PublicKeyToken=null" name="NoDessertAtMorning" />
    </UnitTest>
    <UnitTest name="NotCaseSensitive" storage="tests.dll" id="e45d48e5-5e26-98ef-c132-2ac7bea7abc2">
      <Execution id="5b35c93e-88f0-4164-983a-dd5566d34f4f" />
      <TestMethod codeBase="C:/Users/vmantuaneli/Documents/Visual Studio 2013/Projects/Workflow/Practicum Test/Tests/bin/Debug/Tests.dll" adapterTypeName="Microsoft.VisualStudio.TestTools.TestTypes.Unit.UnitTestAdapter, Microsoft.VisualStudio.QualityTools.Tips.UnitTest.Adapter, Version=12.0.0.0, Culture=neutral, PublicKeyToken=b03f5f7f11d50a3a" className="Tests.AppTests, Tests, Version=1.0.0.0, Culture=neutral, PublicKeyToken=null" name="NotCaseSensitive" />
    </UnitTest>
    <UnitTest name="ErrorOnlyAtFinal" storage="tests.dll" id="6dd8f737-08a3-e930-667e-cbe14f437d79">
      <Execution id="9a7c570c-6d35-40e3-b62f-dfbd13a50b5e" />
      <TestMethod codeBase="C:/Users/vmantuaneli/Documents/Visual Studio 2013/Projects/Workflow/Practicum Test/Tests/bin/Debug/Tests.dll" adapterTypeName="Microsoft.VisualStudio.TestTools.TestTypes.Unit.UnitTestAdapter, Microsoft.VisualStudio.QualityTools.Tips.UnitTest.Adapter, Version=12.0.0.0, Culture=neutral, PublicKeyToken=b03f5f7f11d50a3a" className="Tests.AppTests, Tests, Version=1.0.0.0, Culture=neutral, PublicKeyToken=null" name="ErrorOnlyAtFinal" />
    </UnitTest>
  </TestDefinitions>
  <TestLists>
    <TestList name="Results Not in a List" id="8c84fa94-04c1-424b-9868-57a2d4851a1d" />
    <TestList name="All Loaded Results" id="19431567-8539-422a-85d7-44ee4e166bda" />
  </TestLists>
  <TestEntries>
    <TestEntry testId="34c7d0af-ac24-f51d-d6d4-1591f7fd00bc" executionId="d62a7791-ce69-4dd8-9e0f-7b310d13e303" testListId="8c84fa94-04c1-424b-9868-57a2d4851a1d" />
    <TestEntry testId="6dd8f737-08a3-e930-667e-cbe14f437d79" executionId="9a7c570c-6d35-40e3-b62f-dfbd13a50b5e" testListId="8c84fa94-04c1-424b-9868-57a2d4851a1d" />
    <TestEntry testId="af7b0ccf-f13e-d830-4c5a-407a11bd5419" executionId="2afab762-aa53-45d1-8dd8-245353c32bfc" testListId="8c84fa94-04c1-424b-9868-57a2d4851a1d" />
    <TestEntry testId="0121f75e-5156-a4af-0c42-0518d1a786c0" executionId="27446039-730e-4a4c-820c-63f5daebf658" testListId="8c84fa94-04c1-424b-9868-57a2d4851a1d" />
    <TestEntry testId="b8337038-3606-bd51-0f73-3926c4f073f2" executionId="90c5c01c-20ec-4fab-b8b4-bb2cef1bad4f" testListId="8c84fa94-04c1-424b-9868-57a2d4851a1d" />
    <TestEntry testId="2127fd18-6074-dc90-12c5-b7f50e11be2c" executionId="fed6ac74-9543-4314-bb8c-c27de90f97bb" testListId="8c84fa94-04c1-424b-9868-57a2d4851a1d" />
    <TestEntry testId="e45d48e5-5e26-98ef-c132-2ac7bea7abc2" executionId="5b35c93e-88f0-4164-983a-dd5566d34f4f" testListId="8c84fa94-04c1-424b-9868-57a2d4851a1d" />
  </TestEntries>
  <Results>
    <UnitTestResult executionId="d62a7791-ce69-4dd8-9e0f-7b310d13e303" testId="34c7d0af-ac24-f51d-d6d4-1591f7fd00bc" testName="AtLeastOneSeletion" computerName="DCCNOTE23" duration="00:00:00.0168075" startTime="2015-03-27T00:12:32.6338491-03:00" endTime="2015-03-27T00:12:32.8152992-03:00" testType="13cdc9d9-ddb5-4fa4-a97d-d965ccfc6d4b" outcome="Passed" testListId="8c84fa94-04c1-424b-9868-57a2d4851a1d" relativeResultsDirectory="d62a7791-ce69-4dd8-9e0f-7b310d13e303">
    </UnitTestResult>
    <UnitTestResult executionId="9a7c570c-6d35-40e3-b62f-dfbd13a50b5e" testId="6dd8f737-08a3-e930-667e-cbe14f437d79" testName="ErrorOnlyAtFinal" computerName="DCCNOTE23" duration="00:00:00.0003363" startTime="2015-03-27T00:12:32.8162998-03:00" endTime="2015-03-27T00:12:32.8183020-03:00" testType="13cdc9d9-ddb5-4fa4-a97d-d965ccfc6d4b" outcome="Passed" testListId="8c84fa94-04c1-424b-9868-57a2d4851a1d" relativeResultsDirectory="9a7c570c-6d35-40e3-b62f-dfbd13a50b5e">
    </UnitTestResult>
    <UnitTestResult executionId="2afab762-aa53-45d1-8dd8-245353c32bfc" testId="af7b0ccf-f13e-d830-4c5a-407a11bd5419" testName="FollowingOrder" computerName="DCCNOTE23" duration="00:00:00.0001823" startTime="2015-03-27T00:12:32.8193018-03:00" endTime="2015-03-27T00:12:32.8213032-03:00" testType="13cdc9d9-ddb5-4fa4-a97d-d965ccfc6d4b" outcome="Passed" testListId="8c84fa94-04c1-424b-9868-57a2d4851a1d" relativeResultsDirectory="2afab762-aa53-45d1-8dd8-245353c32bfc">
    </UnitTestResult>
    <UnitTestResult executionId="27446039-730e-4a4c-820c-63f5daebf658" testId="0121f75e-5156-a4af-0c42-0518d1a786c0" testName="MultipleCoffeeAtMorning" computerName="DCCNOTE23" duration="00:00:00.0011293" startTime="2015-03-27T00:12:32.8223042-03:00" endTime="2015-03-27T00:12:32.8263065-03:00" testType="13cdc9d9-ddb5-4fa4-a97d-d965ccfc6d4b" outcome="Passed" testListId="8c84fa94-04c1-424b-9868-57a2d4851a1d" relativeResultsDirectory="27446039-730e-4a4c-820c-63f5daebf658">
    </UnitTestResult>
    <UnitTestResult executionId="90c5c01c-20ec-4fab-b8b4-bb2cef1bad4f" testId="b8337038-3606-bd51-0f73-3926c4f073f2" testName="MultiplePotatoesAtNight" computerName="DCCNOTE23" duration="00:00:00.0001519" startTime="2015-03-27T00:12:32.8273079-03:00" endTime="2015-03-27T00:12:32.8293093-03:00" testType="13cdc9d9-ddb5-4fa4-a97d-d965ccfc6d4b" outcome="Passed" testListId="8c84fa94-04c1-424b-9868-57a2d4851a1d" relativeResultsDirectory="90c5c01c-20ec-4fab-b8b4-bb2cef1bad4f">
    </UnitTestResult>
    <UnitTestResult executionId="fed6ac74-9543-4314-bb8c-c27de90f97bb" testId="2127fd18-6074-dc90-12c5-b7f50e11be2c" testName="NoDessertAtMorning" computerName="DCCNOTE23" duration="00:00:00.0005680" startTime="2015-03-27T00:12:32.8303095-03:00" endTime="2015-03-27T00:12:32.8333111-03:00" testType="13cdc9d9-ddb5-4fa4-a97d-d965ccfc6d4b" outcome="Passed" testListId="8c84fa94-04c1-424b-9868-57a2d4851a1d" relativeResultsDirectory="fed6ac74-9543-4314-bb8c-c27de90f97bb">
    </UnitTestResult>
    <UnitTestResult executionId="5b35c93e-88f0-4164-983a-dd5566d34f4f" testId="e45d48e5-5e26-98ef-c132-2ac7bea7abc2" testName="NotCaseSensitive" computerName="DCCNOTE23" duration="00:00:00.0514692" startTime="2015-03-27T00:12:32.8343122-03:00" endTime="2015-03-27T00:12:32.8873470-03:00" testType="13cdc9d9-ddb5-4fa4-a97d-d965ccfc6d4b" outcome="Failed" testListId="8c84fa94-04c1-424b-9868-57a2d4851a1d" relativeResultsDirectory="5b35c93e-88f0-4164-983a-dd5566d34f4f">
      <Output>
        <ErrorInfo>
          <Message>Assert.AreEqual failed. Expected:&lt;False&gt;. Actual:&lt;True&gt;. </Message>
          <StackTrace>   em Tests.AppTests.NotCaseSensitive() na c:\Users\vmantuaneli\Documents\Visual Studio 2013\Projects\Workflow\Practicum Test\Tests\AppTests.cs:linha 94
</StackTrace>
        </ErrorInfo>
      </Output>
    </UnitTestResult>
  </Results>
</TestRun>